0:100  0:100  MemLog inited, TSC freq: 1800044270
0:100  0:000  CPU was calibrated with RTC
0:100  0:000  
0:100  0:000  Now is 12.04.2020,  16:33:14 (GMT)
0:100  0:000  Starting Clover revision: 5110 (master, commit a53de4094) on Lenovo EFI
0:100  0:000  Build with: [Args: -D NO_GRUB_DRIVERS_EMBEDDED -t GCC53 | -D NO_GRUB_DRIVERS_EMBEDDED --conf=/Users/sergey/src/CloverHackyColor/Conf -D USE_LOW_EBDA -a X64 -b RELEASE -t GCC53 -n 5 | OS: 10.14.6]
0:100  0:000  SelfDevicePath=PciRoot(0x0)\Pci(0x1D,0x4)\Pci(0x0,0x0)\NVMe(0x1,7A-33-07-90-00-2E-E4-AC)\HD(1,GPT,3E2E5F06-CB81-41AE-A1D9-7A1DF4F8DD9C,0x28,0x64000) @78C46618
0:100  0:000  SelfDirPath = \EFI\BOOT
0:100  0:000  Clover : Image base = 0x758B1000
0:100  0:000  SimpleTextEx Status=Success
0:100  0:000  === [ Get Smbios ] ==============================
0:100  0:000  Type 16 Index = 0
0:100  0:000  Total Memory Slots Count = 2
0:100  0:000  Type 17 Index = 0
0:100  0:000  SmbiosTable.Type17->Speed = 2667MHz
0:100  0:000  SmbiosTable.Type17->Size = 8192MB
0:100  0:000  SmbiosTable.Type17->Bank/Device = BANK 0 ChannelA-DIMM0
0:100  0:000  SmbiosTable.Type17->Vendor = 0443
0:100  0:000  SmbiosTable.Type17->SerialNumber = 12CECE7C
0:100  0:000  SmbiosTable.Type17->PartNumber = RMSA3260ME78HAF-2666
0:100  0:000  Type 17 Index = 1
0:100  0:000  Ignoring insane frequency value 0MHz
0:100  0:000  SmbiosTable.Type17->Speed = 0MHz
0:100  0:000  SmbiosTable.Type17->Size = 0MB
0:100  0:000  SmbiosTable.Type17->Bank/Device = BANK 2 ChannelB-DIMM0
0:100  0:000  SmbiosTable.Type17->Vendor = 
0:100  0:000  SmbiosTable.Type17->SerialNumber = 
0:100  0:000  SmbiosTable.Type17->PartNumber = 
0:100  0:000  Boot status=0
0:100  0:000  Running on: '20N8002ART' with board '20N8002ART'
0:100  0:000  === [ GetCPUProperties ] ========================
0:100  0:000  CPU Vendor = 756E6547 Model=806EB
0:100  0:000   The CPU supported SSE4.1
0:100  0:000  BrandString = Intel(R) Core(TM) i5-8265U CPU @ 1.60GHz
0:100  0:000   The CPU supported turbo
0:100  0:000  MSR 0x35               40008
0:100  0:000   TSC/CCC Information Leaf:
0:100  0:000    numerator     : 150
0:100  0:000    denominator   : 2
0:100  0:000   Calibrated ARTFrequency: 24000590
0:100  0:000   Rounded ARTFrequency: 24000000
0:100  0:000  MSR 0xE2 before patch 1E008008
0:100  0:000  MSR 0xE2 is locked, PM patches will be turned on
0:100  0:000  MSR 0xCE              0004043D_F1011200
0:100  0:000  corrected FLEX_RATIO = 0
0:100  0:000  MSR 0x1B0             00000000
0:100  0:000  FSBFrequency = 89 MHz, DMI FSBFrequency = 100 MHz, Corrected FSBFrequency = 100 MHz
0:101  0:000  MaxDiv/MinDiv: 18.0/4
0:101  0:000  Turbo: 37/37/38/39
0:101  0:000  Features: 0x77FAFBBFBFEBFBFF
0:101  0:000  Threads: 8
0:101  0:000  Cores: 4
0:101  0:000  FSB: 100 MHz
0:101  0:000  CPU: 1600 MHz
0:101  0:000  TSC: 1600 MHz
0:101  0:000  PIS: 100 MHz
0:101  0:000  ExternalClock: 25 MHz
0:101  0:000  === [ GetDevices ] ==============================
0:101  0:000  GOP found at: PciRoot(0x0)/Pci(0x2,0x0)/AcpiAdr(0x80010160)
0:101  0:000  PCI (00|00:00.00) : 8086 3E34 class=060000
0:101  0:000  PCI (00|00:02.00) : 8086 3EA0 class=030000
0:101  0:000   - GOP: Provided by device
0:101  0:000   - GFX: Model=Intel UHD Graphics 620 (Intel)
0:101  0:000  PCI (00|00:04.00) : 8086 1903 class=118000
0:101  0:000  PCI (00|00:08.00) : 8086 1911 class=088000
0:101  0:000  PCI (00|00:12.00) : 8086 9DF9 class=118000
0:101  0:000  PCI (00|00:14.00) : 8086 9DED class=0C0330
0:101  0:000  PCI (00|00:14.02) : 8086 9DEF class=050000
0:101  0:000  PCI (00|00:16.00) : 8086 9DE0 class=078000
0:101  0:000  PCI (00|00:1C.00) : 8086 9DB8 class=060400
0:101  0:000  PCI (00|02:00.00) : 10EC 522A class=FF0000
0:101  0:000  PCI (00|00:1D.00) : 8086 9DB0 class=060400
0:101  0:000  PCI (00|04:00.00) : 10EC 8168 class=020000
0:101  0:000   - LAN: 0 Vendor=Realtek
0:101  0:000  PCI (00|00:1D.02) : 8086 9DB2 class=060400
0:101  0:000  PCI (00|05:00.00) : 8086 2526 class=028000
0:101  0:000   - WIFI: Vendor=32902 = Intel
0:101  0:000  PCI (00|00:1D.04) : 8086 9DB4 class=060400
0:101  0:000  PCI (00|07:00.00) : 1C5C 1327 class=010802
0:101  0:000  PCI (00|00:1F.00) : 8086 9D84 class=060100
0:101  0:000  PCI (00|00:1F.03) : 8086 9DC8 class=040380
0:101  0:000  PCI (00|00:1F.04) : 8086 9DA3 class=0C0500
0:101  0:000  PCI (00|00:1F.05) : 8086 9DA4 class=0C8000
0:101  0:000  === [ GetDefaultSettings ] ======================
0:101  0:000  Clover load options size = 0 bytes
0:108  0:006  CheckOEMPathExists tried EFI\CLOVER\OEM\20N8002ART--00-00-00-00-00-00. Dir not exists
0:108  0:000  CheckOEMPathExists tried EFI\CLOVER\OEM\20N8002ART\UEFI. Dir not exists
0:108  0:000  CheckOEMPathExists tried EFI\CLOVER\OEM\20N8002ART. Dir not exists
0:108  0:000  CheckOEMPathExists tried EFI\CLOVER\OEM\20N8002ART-1600. Dir not exists
0:108  0:000  CheckOEMPathExists tried EFI\CLOVER\OEM\20N8002ART. Dir not exists
0:108  0:000  CheckOEMPathExists tried EFI\CLOVER\OEM\20N8002ART-1600. Dir not exists
0:108  0:000  set OEMPath by default: EFI\CLOVER
0:121  0:012  EFI\CLOVER\config.plist loaded: Success
0:121  0:000  === [ GetListOfThemes ] =========================
0:123  0:002  - [00]: BGM
0:131  0:007  - [01]: Clovy
0:150  0:019  - [02]: random
0:151  0:000  - [02]: embedded
0:152  0:000  === [ Found config plists ] =====================
0:153  0:001  - config3.plist
0:153  0:000  - config_org.plist
0:153  0:000  - config.plist
0:156  0:003  - config_back.plist
0:174  0:017  === [ GetEarlyUserSettings ] ====================
0:174  0:000  timeout set to 5
0:174  0:000  Custom boot CUSTOM_BOOT_DISABLED (0x0)
0:174  0:000  ForceKextsToLoad: 1 requested
0:174  0:000   - [0]: System\Library\Extensions\IONetworkingFamily.kext
0:174  0:000  KernelToPatch: 5 requested
0:174  0:000   - [00]: MSR 0xE2 _xcpm_idle instant reboot(c) Pike R. Alpha :: data len: 8
0:174  0:000   - [01]: Disable panic kext logging on 10.13 release kernel (credit vit9696) :: MatchOS: 10.13.x :: data len: 6
0:174  0:000   - [02]: Disable panic kext logging on 10.14 release kernel (credit vit9696) :: MatchOS: 10.14.x :: data len: 6
0:174  0:000   - [03]: NoLabel :: invalid Find/Replace data - skipping!
0:174  0:000   - [04]: NoLabel :: invalid Find/Replace data - skipping!
0:174  0:000  Default theme: Clovy
0:174  0:000  Hiding entries with string Preboot
0:174  0:000  === [ LoadDrivers ] =============================
0:179  0:004  Loading VirtualSmc.efi  status=Success
0:184  0:004  Loading AudioDxe-64.efi  status=Success
0:188  0:004   - driver needs connecting
0:188  0:000  Loading AppleKeyAggregator-64.efi  status=Success
0:191  0:003  Loading FSInject-64.efi  status=Success
0:195  0:003  Loading AppleKeyFeeder-64.efi  status=Success
0:198  0:003  Loading AptioMemoryFix-64.efi  status=Success
0:204  0:006  Loading FirmwareVolume-64.efi  status=Success
0:207  0:003  Loading HashServiceFix-64.efi  status=Success
0:211  0:003  Loading AppleImageCodec-64.efi  status=Success
0:216  0:005  Loading ApfsDriverLoader-64.efi  status=Success
0:220  0:003   - driver needs connecting
0:220  0:000  Loading DataHubDxe-64.efi  status=Success
0:253  0:033  Loading AptioInputFix-64.efi  status=Success
0:273  0:019  Loading AppleUITheme-64.efi  status=Success
0:276  0:003  Loading DataHubDxe.efi  status=Success
0:314  0:037  Loading ApfsDriverLoader.efi  status=Success
0:317  0:003   - driver needs connecting
0:320  0:002  Loading AudioDxe.efi  status=Success
0:328  0:007   - driver needs connecting
0:328  0:000  Loading FSInject.efi  status=Success
0:334  0:005  4 drivers needs connecting ...
0:334  0:000  PlatformDriverOverrideProtocol->GetDriver overriden
0:334  0:000  APFS driver loaded
0:334  0:000  Searching for invalid DiskIo BY_DRIVER connects: not found, all ok
4:203  3:868  === [ InitScreen ] ==============================
4:203  0:000  Console modes reported: 5, available modes:
4:203  0:000   - [01]: 80x25
4:203  0:000   - [02]: 80x50
4:203  0:000   - [03]: 128x40
4:203  0:000   - [04]: 100x31
4:203  0:000   - [05]: 240x56 (current mode)
4:203  0:000  SetMaxResolution: found best mode 3: 1920x1080
4:203  0:000   - already set
4:203  0:000  SetScreenResolution: 1920x1080 - already set
4:203  0:000  reinit: self device path=PciRoot(0x0)\Pci(0x1D,0x4)\Pci(0x0,0x0)\NVMe(0x1,7A-33-07-90-00-2E-E4-AC)\HD(1,GPT,3E2E5F06-CB81-41AE-A1D9-7A1DF4F8DD9C,0x28,0x64000)
4:203  0:000  new SelfHandle=78C46618
4:209  0:006  Using embedded font
4:212  0:002  === [ GetMacAddress ] ===========================
4:212  0:000  MAC address of LAN #0= E8:6A:64:F4:A2:73:
4:212  0:000  MAC address of LAN #1= E8:6A:64:F4:A2:73:
4:212  0:000  MAC address of LAN #2= E8:6A:64:F4:A2:73:
4:212  0:000  MAC address of LAN #3= E8:6A:64:F4:A2:73:
4:212  0:000  === [ ScanSPD ] =================================
4:212  0:000  Scanning SMBus [8086:9DA3], mmio: 0xA1522004, ioport: 0xEFA0, hostc: 0x11
4:231  0:018  Slot: 0 Type 26 8192MB 2666MHz Vendor=Ramaxel Technology PartNo=RMSA3260ME78HAF-2666 SerialNo=01020C0E0C0E070C
4:232  0:001  === [ GetAcpiTablesList ] =======================
4:232  0:000  Get Acpi Tables List from RSDT:
4:232  0:000   - [00]: FACP  TP-R0Y   len=276
4:232  0:000   - [01]: SSDT  CpuSsdt len=6940
4:232  0:000   - [02]: SSDT  CtdpB len=1389
4:232  0:000   - [03]: SSDT  DptfTabl len=14750
4:232  0:000   - [04]: SSDT  SaSsdt  len=12605
4:232  0:000   - [05]: SSDT  Tpm2Tabl len=1554
4:232  0:000   - [06]: TPM2  TP-R0Y   len=52
4:232  0:000   - [07]: UEFI  TP-R0Y   len=66
4:232  0:000   - [08]: SSDT  PerfTune len=1328
4:232  0:000   - [09]: HPET  TP-R0Y   len=56
4:232  0:000   - [10]: APIC  TP-R0Y   len=300
4:232  0:000   - [11]: MCFG  TP-R0Y   len=60
4:232  0:000   - [12]: ECDT  TP-R0Y   len=83
4:232  0:000   - [13]: SSDT  ProjSsdt len=8813
4:232  0:000   - [14]: BOOT  TP-R0Y   len=40
4:232  0:000   - [15]: SLIC  TP-R0Y   len=374
4:232  0:000   - [16]: SSDT  UsbCTabl len=3299
4:232  0:000   - [17]: LPIT  TP-R0Y   len=148
4:232  0:000   - [18]: WSMT  TP-R0Y   len=40
4:232  0:000   - [19]: SSDT  TbtTypeC len=5279
4:232  0:000   - [20]: DBGP  TP-R0Y   len=52
4:232  0:000   - [21]: DBG2  TP-R0Y   len=84
4:232  0:000   - [22]: MSDM  TP-R0Y   len=85
4:232  0:000   - [23]: BATB  TP-R0Y   len=74
4:232  0:000   - [24]: NHLT  TP-R0Y   len=45
4:232  0:000   - [25]: FPDT  TP-R0Y   len=68
4:232  0:000   - [26]: UEFI  TP-R0Y   len=278
4:232  0:000  Calibrated TSC Frequency = 1800044270 = 1800MHz
4:233  0:001  === [ GetUserSettings ] =========================
4:233  0:000  Add 2 devices (kTagTypeDict):
4:233  0:000  Add 8 properties:
4:233  0:000   - [00]: NVidia Key: name, len: 9
4:234  0:000   - [01]: NVidia Key: IOName, len: 9
4:234  0:000   - [02]: NVidia Key: class-code, len: 4
4:234  0:000   - [03]: ATI Key: name, len: 9
4:234  0:000   - [04]: ATI Key: IOName, len: 9
4:234  0:000   - [05]: ATI Key: class-code, len: 4
4:234  0:000   - [06]: ATI Key: vendor-id, len: 4
4:234  0:000   - [07]: ATI Key: device-id, len: 4
4:234  0:000  USB FixOwnership: yes
4:234  0:000  Dropping 3 tables:
4:234  0:000   - [00]: Drop table  signature="#MCF" (46434D23)
4:234  0:000           - set table: 46434D23,                0 to drop: no
4:234  0:000   - [01]: Drop table  signature="DMAR" (52414D44)
4:234  0:000           - set table: 52414D44,                0 to drop: no
4:234  0:000   - [02]: Drop table  signature="SSDT" (54445353) table-id="xh_rvp10" (30317076725F6878)
4:234  0:000           - set table: 54445353, 30317076725f6878 to drop: no
4:234  0:000   - final DSDT Fix mask=00000000
4:234  0:000  PatchesDSDT: 12 requested
4:234  0:000   - [00]: (change OSID to XSID (to avoid match against _OSI XOSI patch)) lenToFind: 4, lenToReplace: 4, Target Bridge: 
4:234  0:000    patch disabled at config
4:234  0:000   - [01]: (change _OSI to XOSI) lenToFind: 4, lenToReplace: 4, Target Bridge: 
4:234  0:000    patch disabled at config
4:234  0:000   - [02]: (change _DSM to XDSM) lenToFind: 4, lenToReplace: 4, Target Bridge: 
4:234  0:000    patch disabled at config
4:234  0:000   - [03]: (change EC0 to EC) lenToFind: 4, lenToReplace: 4, Target Bridge: 
4:234  0:000    patch disabled at config
4:234  0:000   - [04]: (change H_EC to EC) lenToFind: 4, lenToReplace: 4, Target Bridge: 
4:234  0:000    patch disabled at config
4:234  0:000   - [05]: (change ECDV to EC) lenToFind: 4, lenToReplace: 4, Target Bridge: 
4:234  0:000    patch disabled at config
4:234  0:000   - [06]: (change HDAS to HDEF) lenToFind: 4, lenToReplace: 4, Target Bridge: 
4:234  0:000   - [07]: (change HECI to IMEI) lenToFind: 4, lenToReplace: 4, Target Bridge: 
4:234  0:000   - [08]: (change MEI to IMEI) lenToFind: 4, lenToReplace: 4, Target Bridge: 
4:234  0:000   - [09]: (change GFX0 to IGPU) lenToFind: 4, lenToReplace: 4, Target Bridge: 
4:234  0:000   - [10]: (change PCI0.VID to IGPU #1 (Thinkpad)) lenToFind: 8, lenToReplace: 8, Target Bridge: 
4:234  0:000   - [11]: (change PCI0.VID to IGPU #2 (Thinkpad)) lenToFind: 14, lenToReplace: 14, Target Bridge: 
4:237  0:002  === [ Found DSDT tables ] =======================
6:606  2:369  === [ ScanVolumes ] =============================
6:606  0:000  Found 8 volumes with blockIO
6:606  0:000  - [00]: Volume: PciRoot(0x0)\Pci(0x1D,0x4)\Pci(0x0,0x0)\NVMe(0x1,7A-33-07-90-00-2E-E4-AC)
6:606  0:000  - [01]: Volume: PciRoot(0x0)\Pci(0x1D,0x4)\Pci(0x0,0x0)\NVMe(0x1,7A-33-07-90-00-2E-E4-AC)\HD(1,GPT,3E2E5F06-CB81-41AE-A1D9-7A1DF4F8DD9C,0x28,0x64000)
6:606  0:000          Result of bootcode detection: bootable unknown (legacy)
6:611  0:004          This is SelfVolume !!
6:611  0:000  - [02]: Volume: PciRoot(0x0)\Pci(0x1D,0x4)\Pci(0x0,0x0)\NVMe(0x1,7A-33-07-90-00-2E-E4-AC)\HD(2,GPT,3D866CB1-58A1-4939-A927-EB6E836D4EFC,0x64028,0x3B97D260)
6:611  0:000          Result of bootcode detection: bootable unknown (legacy)
6:611  0:000  - [03]: Volume: PciRoot(0x0)\Pci(0x1D,0x4)\Pci(0x0,0x0)\NVMe(0x1,7A-33-07-90-00-2E-E4-AC)\HD(2,GPT,3D866CB1-58A1-4939-A927-EB6E836D4EFC,0x64028,0x3B97D260)\VenMedia(BE74FCF7-0B7C-49F3-9147-01F4042E6842,94DFB0F64C5C304D905AD1CA856AFCE4)
6:611  0:000          hiding this volume
6:611  0:000  - [04]: Volume: PciRoot(0x0)\Pci(0x1D,0x4)\Pci(0x0,0x0)\NVMe(0x1,7A-33-07-90-00-2E-E4-AC)\HD(2,GPT,3D866CB1-58A1-4939-A927-EB6E836D4EFC,0x64028,0x3B97D260)\VenMedia(BE74FCF7-0B7C-49F3-9147-01F4042E6842,B13645C196727440A20935082320C2C9)
6:611  0:000  - [05]: Volume: PciRoot(0x0)\Pci(0x1D,0x4)\Pci(0x0,0x0)\NVMe(0x1,7A-33-07-90-00-2E-E4-AC)\HD(2,GPT,3D866CB1-58A1-4939-A927-EB6E836D4EFC,0x64028,0x3B97D260)\VenMedia(BE74FCF7-0B7C-49F3-9147-01F4042E6842,F12EC27AC538B74FA85A380323858252)
6:611  0:000  - [06]: Volume: PciRoot(0x0)\Pci(0x1D,0x4)\Pci(0x0,0x0)\NVMe(0x1,7A-33-07-90-00-2E-E4-AC)\HD(2,GPT,3D866CB1-58A1-4939-A927-EB6E836D4EFC,0x64028,0x3B97D260)\VenMedia(BE74FCF7-0B7C-49F3-9147-01F4042E6842,CAE26929ACF88E40AA4A76CD32F93E08)
6:611  0:000  - [07]: Volume: PciRoot(0x0)\Pci(0x1D,0x4)\Pci(0x0,0x0)\NVMe(0x1,7A-33-07-90-00-2E-E4-AC)\HD(2,GPT,3D866CB1-58A1-4939-A927-EB6E836D4EFC,0x64028,0x3B97D260)\VenMedia(BE74FCF7-0B7C-49F3-9147-01F4042E6842,0276E8112921E24A9381CAE591F9FD20)
6:612  0:000  found 2 handles with audio
6:612  0:000  No AudioIoDevice stored
6:612  0:000  no stored audio parameters
6:612  0:000  Found Audio Device Conexant (Unknown) (Headphones) at index 0
6:612  0:000  Found Audio Device Conexant (Unknown) (Speaker) at index 1
6:612  0:000  Found Audio Device Intel Kaby Lake HDMI (HDMI) at index 2
6:612  0:000  === [ InitXTheme ] ==============================
6:612  0:000  use daylight theme
6:671  0:058  Theme view-bounds: w=1366.000000 h=768.000000 units=px
6:671  0:000  using scale 1.406250
6:978  0:307   Background parsed [1921, 1080]
6:978  0:000  Banner position at parse [885,137]
6:982  0:004  Banner parsed
6:982  0:000   parsed banner->width=180 height=254
7:032  0:049  main entry size = 202
7:037  0:005  main entry size = 202
7:065  0:027  Using vector theme 'Clovy' (EFI\CLOVER\themes\Clovy)
7:065  0:000  chosen theme Clovy
7:067  0:002    Channels: 2  Sample rate: 8000 Hz  Bits: 16
7:067  0:000  output to channel 0 with volume 0, len=126400
7:067  0:000   sound channels=2 bits=16 freq=8000
7:067  0:000  sound play end with status=Not Found
7:513  0:446  theme inited
7:513  0:000  Chosen theme Clovy
7:514  0:000  found boot-args in NVRAM:-no_compat_check, size=17
7:514  0:000  ...found arg:-no_compat_check
7:514  0:000  after NVRAM boot-args=dart=0 darkwake=10 alcid=15 igfxcflbklt=1 lilucpu=10 -no_compat_check
7:514  0:000  === [ Dump SMC keys from NVRAM ] ================
7:514  0:000  found AppleSMC protocol
7:565  0:051  === [ AddCustomEntries ] ========================
7:565  0:000      Checking volume "EFI" (PciRoot(0x0)\Pci(0x1D,0x4)\Pci(0x0,0x0)\NVMe(0x1,7A-33-07-90-00-2E-E4-AC)\HD(1,GPT,3E2E5F06-CB81-41AE-A1D9-7A1DF4F8DD9C,0x28,0x64000)) ... skipped because path does not exist
7:567  0:001      Checking volume "Preboot" (PciRoot(0x0)\Pci(0x1D,0x4)\Pci(0x0,0x0)\NVMe(0x1,7A-33-07-90-00-2E-E4-AC)\HD(2,GPT,3D866CB1-58A1-4939-A927-EB6E836D4EFC,0x64028,0x3B97D260)\VenMedia(BE74FCF7-0B7C-49F3-9147-01F4042E6842,94DFB0F64C5C304D905AD1CA856AFCE4)) ... skipped because volume is hidden
7:567  0:000      Checking volume "MacOS - Data" (PciRoot(0x0)\Pci(0x1D,0x4)\Pci(0x0,0x0)\NVMe(0x1,7A-33-07-90-00-2E-E4-AC)\HD(2,GPT,3D866CB1-58A1-4939-A927-EB6E836D4EFC,0x64028,0x3B97D260)\VenMedia(BE74FCF7-0B7C-49F3-9147-01F4042E6842,B13645C196727440A20935082320C2C9)) ... skipped because path does not exist
7:567  0:000      Checking volume "Recovery" (PciRoot(0x0)\Pci(0x1D,0x4)\Pci(0x0,0x0)\NVMe(0x1,7A-33-07-90-00-2E-E4-AC)\HD(2,GPT,3D866CB1-58A1-4939-A927-EB6E836D4EFC,0x64028,0x3B97D260)\VenMedia(BE74FCF7-0B7C-49F3-9147-01F4042E6842,F12EC27AC538B74FA85A380323858252)) ... skipped because path does not exist
7:567  0:000      Checking volume "VM" (PciRoot(0x0)\Pci(0x1D,0x4)\Pci(0x0,0x0)\NVMe(0x1,7A-33-07-90-00-2E-E4-AC)\HD(2,GPT,3D866CB1-58A1-4939-A927-EB6E836D4EFC,0x64028,0x3B97D260)\VenMedia(BE74FCF7-0B7C-49F3-9147-01F4042E6842,CAE26929ACF88E40AA4A76CD32F93E08)) ... skipped because path does not exist
7:567  0:000      Checking volume "MacOS" (PciRoot(0x0)\Pci(0x1D,0x4)\Pci(0x0,0x0)\NVMe(0x1,7A-33-07-90-00-2E-E4-AC)\HD(2,GPT,3D866CB1-58A1-4939-A927-EB6E836D4EFC,0x64028,0x3B97D260)\VenMedia(BE74FCF7-0B7C-49F3-9147-01F4042E6842,0276E8112921E24A9381CAE591F9FD20)) ... skipped because path does not exist
7:567  0:000      Checking volume "EFI" (PciRoot(0x0)\Pci(0x1D,0x4)\Pci(0x0,0x0)\NVMe(0x1,7A-33-07-90-00-2E-E4-AC)\HD(1,GPT,3E2E5F06-CB81-41AE-A1D9-7A1DF4F8DD9C,0x28,0x64000)) ... skipped because path does not exist
7:568  0:000      Checking volume "Preboot" (PciRoot(0x0)\Pci(0x1D,0x4)\Pci(0x0,0x0)\NVMe(0x1,7A-33-07-90-00-2E-E4-AC)\HD(2,GPT,3D866CB1-58A1-4939-A927-EB6E836D4EFC,0x64028,0x3B97D260)\VenMedia(BE74FCF7-0B7C-49F3-9147-01F4042E6842,94DFB0F64C5C304D905AD1CA856AFCE4)) ... skipped because volume is hidden
7:568  0:000      Checking volume "MacOS - Data" (PciRoot(0x0)\Pci(0x1D,0x4)\Pci(0x0,0x0)\NVMe(0x1,7A-33-07-90-00-2E-E4-AC)\HD(2,GPT,3D866CB1-58A1-4939-A927-EB6E836D4EFC,0x64028,0x3B97D260)\VenMedia(BE74FCF7-0B7C-49F3-9147-01F4042E6842,B13645C196727440A20935082320C2C9)) ... skipped because path does not exist
7:568  0:000      Checking volume "Recovery" (PciRoot(0x0)\Pci(0x1D,0x4)\Pci(0x0,0x0)\NVMe(0x1,7A-33-07-90-00-2E-E4-AC)\HD(2,GPT,3D866CB1-58A1-4939-A927-EB6E836D4EFC,0x64028,0x3B97D260)\VenMedia(BE74FCF7-0B7C-49F3-9147-01F4042E6842,F12EC27AC538B74FA85A380323858252)) ... skipped because path does not exist
7:568  0:000      Checking volume "VM" (PciRoot(0x0)\Pci(0x1D,0x4)\Pci(0x0,0x0)\NVMe(0x1,7A-33-07-90-00-2E-E4-AC)\HD(2,GPT,3D866CB1-58A1-4939-A927-EB6E836D4EFC,0x64028,0x3B97D260)\VenMedia(BE74FCF7-0B7C-49F3-9147-01F4042E6842,CAE26929ACF88E40AA4A76CD32F93E08)) ... skipped because path does not exist
7:568  0:000      Checking volume "MacOS" (PciRoot(0x0)\Pci(0x1D,0x4)\Pci(0x0,0x0)\NVMe(0x1,7A-33-07-90-00-2E-E4-AC)\HD(2,GPT,3D866CB1-58A1-4939-A927-EB6E836D4EFC,0x64028,0x3B97D260)\VenMedia(BE74FCF7-0B7C-49F3-9147-01F4042E6842,0276E8112921E24A9381CAE591F9FD20)) ... skipped because path does not exist
7:568  0:000  === [ ScanLoader ] ==============================
7:568  0:000  - [01]: 'EFI'
7:582  0:014          AddLoaderEntry for Volume Name=EFI
7:582  0:000          skipped because entry is hidden
7:582  0:000  - [03]: 'Preboot', hidden
7:582  0:000  - [04]: 'MacOS - Data'
7:592  0:009  - [05]: 'Recovery'
7:592  0:000          AddLoaderEntry for Volume Name=Recovery
7:603  0:010   Show badge as OSImage.    Loader entry created for 'PciRoot(0x0)\Pci(0x1D,0x4)\Pci(0x0,0x0)\NVMe(0x1,7A-33-07-90-00-2E-E4-AC)\HD(2,GPT,3D866CB1-58A1-4939-A927-EB6E836D4EFC,0x64028,0x3B97D260)\VenMedia(BE74FCF7-0B7C-49F3-9147-01F4042E6842,F12EC27AC538B74FA85A380323858252)\11E87602-2129-4AE2-9381-CAE591F9FD20\boot.efi'
7:611  0:008  - [06]: 'VM'
7:619  0:007  - [07]: 'MacOS'
7:625  0:006          AddLoaderEntry for Volume Name=MacOS
7:627  0:001      hibernated: set as never
7:631  0:004   Show badge as OSImage.    Loader entry created for 'PciRoot(0x0)\Pci(0x1D,0x4)\Pci(0x0,0x0)\NVMe(0x1,7A-33-07-90-00-2E-E4-AC)\HD(2,GPT,3D866CB1-58A1-4939-A927-EB6E836D4EFC,0x64028,0x3B97D260)\VenMedia(BE74FCF7-0B7C-49F3-9147-01F4042E6842,0276E8112921E24A9381CAE591F9FD20)\System\Library\CoreServices\boot.efi'
7:639  0:008  === [ AddCustomTool ] ===========================
7:641  0:002  found tool \EFI\CLOVER\tools\Shell64U.efi
7:641  0:000  Checking EFI partition Volume 1 for Clover
7:642  0:000   Found Clover
7:643  0:000  === [ GetEfiBootDeviceFromNvram ] ===============
7:643  0:000  Default boot entry not found
7:763  0:120  GUI ready
42:338  34:574  ReinitSelfLib after theme change
42:338  0:000  reinit: self device path=PciRoot(0x0)\Pci(0x1D,0x4)\Pci(0x0,0x0)\NVMe(0x1,7A-33-07-90-00-2E-E4-AC)\HD(1,GPT,3E2E5F06-CB81-41AE-A1D9-7A1DF4F8DD9C,0x28,0x64000)
42:338  0:000  new SelfHandle=78C46618
42:339  0:000  === [ ScanVolumes ] =============================
42:339  0:000  Found 8 volumes with blockIO
42:339  0:000  - [00]: Volume: PciRoot(0x0)\Pci(0x1D,0x4)\Pci(0x0,0x0)\NVMe(0x1,7A-33-07-90-00-2E-E4-AC)
42:339  0:000  - [01]: Volume: PciRoot(0x0)\Pci(0x1D,0x4)\Pci(0x0,0x0)\NVMe(0x1,7A-33-07-90-00-2E-E4-AC)\HD(1,GPT,3E2E5F06-CB81-41AE-A1D9-7A1DF4F8DD9C,0x28,0x64000)
42:339  0:000          Result of bootcode detection: bootable unknown (legacy)
42:339  0:000          This is SelfVolume !!
42:339  0:000  - [02]: Volume: PciRoot(0x0)\Pci(0x1D,0x4)\Pci(0x0,0x0)\NVMe(0x1,7A-33-07-90-00-2E-E4-AC)\HD(2,GPT,3D866CB1-58A1-4939-A927-EB6E836D4EFC,0x64028,0x3B97D260)
42:340  0:000          Result of bootcode detection: bootable unknown (legacy)
42:340  0:000  - [03]: Volume: PciRoot(0x0)\Pci(0x1D,0x4)\Pci(0x0,0x0)\NVMe(0x1,7A-33-07-90-00-2E-E4-AC)\HD(2,GPT,3D866CB1-58A1-4939-A927-EB6E836D4EFC,0x64028,0x3B97D260)\VenMedia(BE74FCF7-0B7C-49F3-9147-01F4042E6842,94DFB0F64C5C304D905AD1CA856AFCE4)
42:340  0:000          hiding this volume
42:340  0:000  - [04]: Volume: PciRoot(0x0)\Pci(0x1D,0x4)\Pci(0x0,0x0)\NVMe(0x1,7A-33-07-90-00-2E-E4-AC)\HD(2,GPT,3D866CB1-58A1-4939-A927-EB6E836D4EFC,0x64028,0x3B97D260)\VenMedia(BE74FCF7-0B7C-49F3-9147-01F4042E6842,B13645C196727440A20935082320C2C9)
42:340  0:000  - [05]: Volume: PciRoot(0x0)\Pci(0x1D,0x4)\Pci(0x0,0x0)\NVMe(0x1,7A-33-07-90-00-2E-E4-AC)\HD(2,GPT,3D866CB1-58A1-4939-A927-EB6E836D4EFC,0x64028,0x3B97D260)\VenMedia(BE74FCF7-0B7C-49F3-9147-01F4042E6842,F12EC27AC538B74FA85A380323858252)
42:340  0:000  - [06]: Volume: PciRoot(0x0)\Pci(0x1D,0x4)\Pci(0x0,0x0)\NVMe(0x1,7A-33-07-90-00-2E-E4-AC)\HD(2,GPT,3D866CB1-58A1-4939-A927-EB6E836D4EFC,0x64028,0x3B97D260)\VenMedia(BE74FCF7-0B7C-49F3-9147-01F4042E6842,CAE26929ACF88E40AA4A76CD32F93E08)
42:340  0:000  - [07]: Volume: PciRoot(0x0)\Pci(0x1D,0x4)\Pci(0x0,0x0)\NVMe(0x1,7A-33-07-90-00-2E-E4-AC)\HD(2,GPT,3D866CB1-58A1-4939-A927-EB6E836D4EFC,0x64028,0x3B97D260)\VenMedia(BE74FCF7-0B7C-49F3-9147-01F4042E6842,0276E8112921E24A9381CAE591F9FD20)
42:341  0:000  found 2 handles with audio
42:341  0:000  No AudioIoDevice stored
42:341  0:000  no stored audio parameters
42:341  0:000  Found Audio Device Conexant (Unknown) (Headphones) at index 0
42:341  0:000  Found Audio Device Conexant (Unknown) (Speaker) at index 1
42:341  0:000  Found Audio Device Intel Kaby Lake HDMI (HDMI) at index 2
42:341  0:000  theme inited
42:341  0:000  Chosen theme Clovy
42:342  0:000  found boot-args in NVRAM:-no_compat_check, size=17
42:342  0:000  ...found arg:-no_compat_check
42:342  0:000  after NVRAM boot-args=dart=0 darkwake=10 alcid=15 igfxcflbklt=1 lilucpu=10 -no_compat_check
42:342  0:000  === [ AddCustomEntries ] ========================
42:342  0:000      Checking volume "EFI" (PciRoot(0x0)\Pci(0x1D,0x4)\Pci(0x0,0x0)\NVMe(0x1,7A-33-07-90-00-2E-E4-AC)\HD(1,GPT,3E2E5F06-CB81-41AE-A1D9-7A1DF4F8DD9C,0x28,0x64000)) ... skipped because path does not exist
42:342  0:000      Checking volume "Preboot" (PciRoot(0x0)\Pci(0x1D,0x4)\Pci(0x0,0x0)\NVMe(0x1,7A-33-07-90-00-2E-E4-AC)\HD(2,GPT,3D866CB1-58A1-4939-A927-EB6E836D4EFC,0x64028,0x3B97D260)\VenMedia(BE74FCF7-0B7C-49F3-9147-01F4042E6842,94DFB0F64C5C304D905AD1CA856AFCE4)) ... skipped because volume is hidden
42:342  0:000      Checking volume "MacOS - Data" (PciRoot(0x0)\Pci(0x1D,0x4)\Pci(0x0,0x0)\NVMe(0x1,7A-33-07-90-00-2E-E4-AC)\HD(2,GPT,3D866CB1-58A1-4939-A927-EB6E836D4EFC,0x64028,0x3B97D260)\VenMedia(BE74FCF7-0B7C-49F3-9147-01F4042E6842,B13645C196727440A20935082320C2C9)) ... skipped because path does not exist
42:342  0:000      Checking volume "Recovery" (PciRoot(0x0)\Pci(0x1D,0x4)\Pci(0x0,0x0)\NVMe(0x1,7A-33-07-90-00-2E-E4-AC)\HD(2,GPT,3D866CB1-58A1-4939-A927-EB6E836D4EFC,0x64028,0x3B97D260)\VenMedia(BE74FCF7-0B7C-49F3-9147-01F4042E6842,F12EC27AC538B74FA85A380323858252)) ... skipped because path does not exist
42:342  0:000      Checking volume "VM" (PciRoot(0x0)\Pci(0x1D,0x4)\Pci(0x0,0x0)\NVMe(0x1,7A-33-07-90-00-2E-E4-AC)\HD(2,GPT,3D866CB1-58A1-4939-A927-EB6E836D4EFC,0x64028,0x3B97D260)\VenMedia(BE74FCF7-0B7C-49F3-9147-01F4042E6842,CAE26929ACF88E40AA4A76CD32F93E08)) ... skipped because path does not exist
42:342  0:000      Checking volume "MacOS" (PciRoot(0x0)\Pci(0x1D,0x4)\Pci(0x0,0x0)\NVMe(0x1,7A-33-07-90-00-2E-E4-AC)\HD(2,GPT,3D866CB1-58A1-4939-A927-EB6E836D4EFC,0x64028,0x3B97D260)\VenMedia(BE74FCF7-0B7C-49F3-9147-01F4042E6842,0276E8112921E24A9381CAE591F9FD20)) ... skipped because path does not exist
42:342  0:000      Checking volume "EFI" (PciRoot(0x0)\Pci(0x1D,0x4)\Pci(0x0,0x0)\NVMe(0x1,7A-33-07-90-00-2E-E4-AC)\HD(1,GPT,3E2E5F06-CB81-41AE-A1D9-7A1DF4F8DD9C,0x28,0x64000)) ... skipped because path does not exist
42:342  0:000      Checking volume "Preboot" (PciRoot(0x0)\Pci(0x1D,0x4)\Pci(0x0,0x0)\NVMe(0x1,7A-33-07-90-00-2E-E4-AC)\HD(2,GPT,3D866CB1-58A1-4939-A927-EB6E836D4EFC,0x64028,0x3B97D260)\VenMedia(BE74FCF7-0B7C-49F3-9147-01F4042E6842,94DFB0F64C5C304D905AD1CA856AFCE4)) ... skipped because volume is hidden
42:342  0:000      Checking volume "MacOS - Data" (PciRoot(0x0)\Pci(0x1D,0x4)\Pci(0x0,0x0)\NVMe(0x1,7A-33-07-90-00-2E-E4-AC)\HD(2,GPT,3D866CB1-58A1-4939-A927-EB6E836D4EFC,0x64028,0x3B97D260)\VenMedia(BE74FCF7-0B7C-49F3-9147-01F4042E6842,B13645C196727440A20935082320C2C9)) ... skipped because path does not exist
42:342  0:000      Checking volume "Recovery" (PciRoot(0x0)\Pci(0x1D,0x4)\Pci(0x0,0x0)\NVMe(0x1,7A-33-07-90-00-2E-E4-AC)\HD(2,GPT,3D866CB1-58A1-4939-A927-EB6E836D4EFC,0x64028,0x3B97D260)\VenMedia(BE74FCF7-0B7C-49F3-9147-01F4042E6842,F12EC27AC538B74FA85A380323858252)) ... skipped because path does not exist
42:342  0:000      Checking volume "VM" (PciRoot(0x0)\Pci(0x1D,0x4)\Pci(0x0,0x0)\NVMe(0x1,7A-33-07-90-00-2E-E4-AC)\HD(2,GPT,3D866CB1-58A1-4939-A927-EB6E836D4EFC,0x64028,0x3B97D260)\VenMedia(BE74FCF7-0B7C-49F3-9147-01F4042E6842,CAE26929ACF88E40AA4A76CD32F93E08)) ... skipped because path does not exist
42:342  0:000      Checking volume "MacOS" (PciRoot(0x0)\Pci(0x1D,0x4)\Pci(0x0,0x0)\NVMe(0x1,7A-33-07-90-00-2E-E4-AC)\HD(2,GPT,3D866CB1-58A1-4939-A927-EB6E836D4EFC,0x64028,0x3B97D260)\VenMedia(BE74FCF7-0B7C-49F3-9147-01F4042E6842,0276E8112921E24A9381CAE591F9FD20)) ... skipped because path does not exist
42:342  0:000  === [ ScanLoader ] ==============================
42:342  0:000  - [01]: 'EFI'
42:355  0:013          AddLoaderEntry for Volume Name=EFI
42:355  0:000          skipped because entry is hidden
42:355  0:000  - [03]: 'Preboot', hidden
42:355  0:000  - [04]: 'MacOS - Data'
42:364  0:008  - [05]: 'Recovery'
42:364  0:000          AddLoaderEntry for Volume Name=Recovery
42:369  0:004   Show badge as OSImage.    Loader entry created for 'PciRoot(0x0)\Pci(0x1D,0x4)\Pci(0x0,0x0)\NVMe(0x1,7A-33-07-90-00-2E-E4-AC)\HD(2,GPT,3D866CB1-58A1-4939-A927-EB6E836D4EFC,0x64028,0x3B97D260)\VenMedia(BE74FCF7-0B7C-49F3-9147-01F4042E6842,F12EC27AC538B74FA85A380323858252)\11E87602-2129-4AE2-9381-CAE591F9FD20\boot.efi'
42:378  0:008  - [06]: 'VM'
42:386  0:008  - [07]: 'MacOS'
42:387  0:001          AddLoaderEntry for Volume Name=MacOS
42:388  0:000      hibernated: set as never
42:392  0:004   Show badge as OSImage.    Loader entry created for 'PciRoot(0x0)\Pci(0x1D,0x4)\Pci(0x0,0x0)\NVMe(0x1,7A-33-07-90-00-2E-E4-AC)\HD(2,GPT,3D866CB1-58A1-4939-A927-EB6E836D4EFC,0x64028,0x3B97D260)\VenMedia(BE74FCF7-0B7C-49F3-9147-01F4042E6842,0276E8112921E24A9381CAE591F9FD20)\System\Library\CoreServices\boot.efi'
42:401  0:008  === [ AddCustomTool ] ===========================
42:401  0:000  found tool \EFI\CLOVER\tools\Shell64U.efi
42:401  0:000  Checking EFI partition Volume 1 for Clover
42:402  0:000   Found Clover
42:402  0:000  === [ GetEfiBootDeviceFromNvram ] ===============
42:402  0:000  Default boot entry not found
71:184  28:782  ReinitSelfLib after theme change
71:184  0:000  reinit: self device path=PciRoot(0x0)\Pci(0x1D,0x4)\Pci(0x0,0x0)\NVMe(0x1,7A-33-07-90-00-2E-E4-AC)\HD(1,GPT,3E2E5F06-CB81-41AE-A1D9-7A1DF4F8DD9C,0x28,0x64000)
71:184  0:000  new SelfHandle=78C46618
71:185  0:000  === [ ScanVolumes ] =============================
71:185  0:000  Found 8 volumes with blockIO
71:185  0:000  - [00]: Volume: PciRoot(0x0)\Pci(0x1D,0x4)\Pci(0x0,0x0)\NVMe(0x1,7A-33-07-90-00-2E-E4-AC)
71:185  0:000  - [01]: Volume: PciRoot(0x0)\Pci(0x1D,0x4)\Pci(0x0,0x0)\NVMe(0x1,7A-33-07-90-00-2E-E4-AC)\HD(1,GPT,3E2E5F06-CB81-41AE-A1D9-7A1DF4F8DD9C,0x28,0x64000)
71:185  0:000          Result of bootcode detection: bootable unknown (legacy)
71:186  0:000          This is SelfVolume !!
71:186  0:000  - [02]: Volume: PciRoot(0x0)\Pci(0x1D,0x4)\Pci(0x0,0x0)\NVMe(0x1,7A-33-07-90-00-2E-E4-AC)\HD(2,GPT,3D866CB1-58A1-4939-A927-EB6E836D4EFC,0x64028,0x3B97D260)
71:186  0:000          Result of bootcode detection: bootable unknown (legacy)
71:186  0:000  - [03]: Volume: PciRoot(0x0)\Pci(0x1D,0x4)\Pci(0x0,0x0)\NVMe(0x1,7A-33-07-90-00-2E-E4-AC)\HD(2,GPT,3D866CB1-58A1-4939-A927-EB6E836D4EFC,0x64028,0x3B97D260)\VenMedia(BE74FCF7-0B7C-49F3-9147-01F4042E6842,94DFB0F64C5C304D905AD1CA856AFCE4)
71:186  0:000          hiding this volume
71:186  0:000  - [04]: Volume: PciRoot(0x0)\Pci(0x1D,0x4)\Pci(0x0,0x0)\NVMe(0x1,7A-33-07-90-00-2E-E4-AC)\HD(2,GPT,3D866CB1-58A1-4939-A927-EB6E836D4EFC,0x64028,0x3B97D260)\VenMedia(BE74FCF7-0B7C-49F3-9147-01F4042E6842,B13645C196727440A20935082320C2C9)
71:186  0:000  - [05]: Volume: PciRoot(0x0)\Pci(0x1D,0x4)\Pci(0x0,0x0)\NVMe(0x1,7A-33-07-90-00-2E-E4-AC)\HD(2,GPT,3D866CB1-58A1-4939-A927-EB6E836D4EFC,0x64028,0x3B97D260)\VenMedia(BE74FCF7-0B7C-49F3-9147-01F4042E6842,F12EC27AC538B74FA85A380323858252)
71:187  0:000  - [06]: Volume: PciRoot(0x0)\Pci(0x1D,0x4)\Pci(0x0,0x0)\NVMe(0x1,7A-33-07-90-00-2E-E4-AC)\HD(2,GPT,3D866CB1-58A1-4939-A927-EB6E836D4EFC,0x64028,0x3B97D260)\VenMedia(BE74FCF7-0B7C-49F3-9147-01F4042E6842,CAE26929ACF88E40AA4A76CD32F93E08)
71:187  0:000  - [07]: Volume: PciRoot(0x0)\Pci(0x1D,0x4)\Pci(0x0,0x0)\NVMe(0x1,7A-33-07-90-00-2E-E4-AC)\HD(2,GPT,3D866CB1-58A1-4939-A927-EB6E836D4EFC,0x64028,0x3B97D260)\VenMedia(BE74FCF7-0B7C-49F3-9147-01F4042E6842,0276E8112921E24A9381CAE591F9FD20)
71:187  0:000  found 2 handles with audio
71:187  0:000  No AudioIoDevice stored
71:187  0:000  no stored audio parameters
71:187  0:000  Found Audio Device Conexant (Unknown) (Headphones) at index 0
71:187  0:000  Found Audio Device Conexant (Unknown) (Speaker) at index 1
71:187  0:000  Found Audio Device Intel Kaby Lake HDMI (HDMI) at index 2
71:187  0:000  theme inited
71:187  0:000  Chosen theme Clovy
71:188  0:000  after NVRAM boot-args=dart=0 darkwake=10 alcid=15 igfxcflbklt=1 lilucpu=10 -no_compat_check
71:188  0:000  === [ AddCustomEntries ] ========================
71:188  0:000      Checking volume "EFI" (PciRoot(0x0)\Pci(0x1D,0x4)\Pci(0x0,0x0)\NVMe(0x1,7A-33-07-90-00-2E-E4-AC)\HD(1,GPT,3E2E5F06-CB81-41AE-A1D9-7A1DF4F8DD9C,0x28,0x64000)) ... skipped because path does not exist
71:188  0:000      Checking volume "Preboot" (PciRoot(0x0)\Pci(0x1D,0x4)\Pci(0x0,0x0)\NVMe(0x1,7A-33-07-90-00-2E-E4-AC)\HD(2,GPT,3D866CB1-58A1-4939-A927-EB6E836D4EFC,0x64028,0x3B97D260)\VenMedia(BE74FCF7-0B7C-49F3-9147-01F4042E6842,94DFB0F64C5C304D905AD1CA856AFCE4)) ... skipped because volume is hidden
71:188  0:000      Checking volume "MacOS - Data" (PciRoot(0x0)\Pci(0x1D,0x4)\Pci(0x0,0x0)\NVMe(0x1,7A-33-07-90-00-2E-E4-AC)\HD(2,GPT,3D866CB1-58A1-4939-A927-EB6E836D4EFC,0x64028,0x3B97D260)\VenMedia(BE74FCF7-0B7C-49F3-9147-01F4042E6842,B13645C196727440A20935082320C2C9)) ... skipped because path does not exist
71:188  0:000      Checking volume "Recovery" (PciRoot(0x0)\Pci(0x1D,0x4)\Pci(0x0,0x0)\NVMe(0x1,7A-33-07-90-00-2E-E4-AC)\HD(2,GPT,3D866CB1-58A1-4939-A927-EB6E836D4EFC,0x64028,0x3B97D260)\VenMedia(BE74FCF7-0B7C-49F3-9147-01F4042E6842,F12EC27AC538B74FA85A380323858252)) ... skipped because path does not exist
71:188  0:000      Checking volume "VM" (PciRoot(0x0)\Pci(0x1D,0x4)\Pci(0x0,0x0)\NVMe(0x1,7A-33-07-90-00-2E-E4-AC)\HD(2,GPT,3D866CB1-58A1-4939-A927-EB6E836D4EFC,0x64028,0x3B97D260)\VenMedia(BE74FCF7-0B7C-49F3-9147-01F4042E6842,CAE26929ACF88E40AA4A76CD32F93E08)) ... skipped because path does not exist
71:188  0:000      Checking volume "MacOS" (PciRoot(0x0)\Pci(0x1D,0x4)\Pci(0x0,0x0)\NVMe(0x1,7A-33-07-90-00-2E-E4-AC)\HD(2,GPT,3D866CB1-58A1-4939-A927-EB6E836D4EFC,0x64028,0x3B97D260)\VenMedia(BE74FCF7-0B7C-49F3-9147-01F4042E6842,0276E8112921E24A9381CAE591F9FD20)) ... skipped because path does not exist
71:188  0:000      Checking volume "EFI" (PciRoot(0x0)\Pci(0x1D,0x4)\Pci(0x0,0x0)\NVMe(0x1,7A-33-07-90-00-2E-E4-AC)\HD(1,GPT,3E2E5F06-CB81-41AE-A1D9-7A1DF4F8DD9C,0x28,0x64000)) ... skipped because path does not exist
71:188  0:000      Checking volume "Preboot" (PciRoot(0x0)\Pci(0x1D,0x4)\Pci(0x0,0x0)\NVMe(0x1,7A-33-07-90-00-2E-E4-AC)\HD(2,GPT,3D866CB1-58A1-4939-A927-EB6E836D4EFC,0x64028,0x3B97D260)\VenMedia(BE74FCF7-0B7C-49F3-9147-01F4042E6842,94DFB0F64C5C304D905AD1CA856AFCE4)) ... skipped because volume is hidden
71:188  0:000      Checking volume "MacOS - Data" (PciRoot(0x0)\Pci(0x1D,0x4)\Pci(0x0,0x0)\NVMe(0x1,7A-33-07-90-00-2E-E4-AC)\HD(2,GPT,3D866CB1-58A1-4939-A927-EB6E836D4EFC,0x64028,0x3B97D260)\VenMedia(BE74FCF7-0B7C-49F3-9147-01F4042E6842,B13645C196727440A20935082320C2C9)) ... skipped because path does not exist
71:188  0:000      Checking volume "Recovery" (PciRoot(0x0)\Pci(0x1D,0x4)\Pci(0x0,0x0)\NVMe(0x1,7A-33-07-90-00-2E-E4-AC)\HD(2,GPT,3D866CB1-58A1-4939-A927-EB6E836D4EFC,0x64028,0x3B97D260)\VenMedia(BE74FCF7-0B7C-49F3-9147-01F4042E6842,F12EC27AC538B74FA85A380323858252)) ... skipped because path does not exist
71:188  0:000      Checking volume "VM" (PciRoot(0x0)\Pci(0x1D,0x4)\Pci(0x0,0x0)\NVMe(0x1,7A-33-07-90-00-2E-E4-AC)\HD(2,GPT,3D866CB1-58A1-4939-A927-EB6E836D4EFC,0x64028,0x3B97D260)\VenMedia(BE74FCF7-0B7C-49F3-9147-01F4042E6842,CAE26929ACF88E40AA4A76CD32F93E08)) ... skipped because path does not exist
71:188  0:000      Checking volume "MacOS" (PciRoot(0x0)\Pci(0x1D,0x4)\Pci(0x0,0x0)\NVMe(0x1,7A-33-07-90-00-2E-E4-AC)\HD(2,GPT,3D866CB1-58A1-4939-A927-EB6E836D4EFC,0x64028,0x3B97D260)\VenMedia(BE74FCF7-0B7C-49F3-9147-01F4042E6842,0276E8112921E24A9381CAE591F9FD20)) ... skipped because path does not exist
71:188  0:000  === [ ScanLoader ] ==============================
71:188  0:000  - [01]: 'EFI'
71:201  0:013          AddLoaderEntry for Volume Name=EFI
71:201  0:000          skipped because entry is hidden
71:201  0:000  - [03]: 'Preboot', hidden
71:201  0:000  - [04]: 'MacOS - Data'
71:209  0:008  - [05]: 'Recovery'
71:210  0:000          AddLoaderEntry for Volume Name=Recovery
71:215  0:004   Show badge as OSImage.    Loader entry created for 'PciRoot(0x0)\Pci(0x1D,0x4)\Pci(0x0,0x0)\NVMe(0x1,7A-33-07-90-00-2E-E4-AC)\HD(2,GPT,3D866CB1-58A1-4939-A927-EB6E836D4EFC,0x64028,0x3B97D260)\VenMedia(BE74FCF7-0B7C-49F3-9147-01F4042E6842,F12EC27AC538B74FA85A380323858252)\11E87602-2129-4AE2-9381-CAE591F9FD20\boot.efi'
71:223  0:008  - [06]: 'VM'
71:232  0:008  - [07]: 'MacOS'
71:233  0:001          AddLoaderEntry for Volume Name=MacOS
71:234  0:000      hibernated: set as never
71:238  0:004   Show badge as OSImage.    Loader entry created for 'PciRoot(0x0)\Pci(0x1D,0x4)\Pci(0x0,0x0)\NVMe(0x1,7A-33-07-90-00-2E-E4-AC)\HD(2,GPT,3D866CB1-58A1-4939-A927-EB6E836D4EFC,0x64028,0x3B97D260)\VenMedia(BE74FCF7-0B7C-49F3-9147-01F4042E6842,0276E8112921E24A9381CAE591F9FD20)\System\Library\CoreServices\boot.efi'
71:246  0:008  === [ AddCustomTool ] ===========================
71:247  0:000  found tool \EFI\CLOVER\tools\Shell64U.efi
71:247  0:000  Checking EFI partition Volume 1 for Clover
71:247  0:000   Found Clover
71:247  0:000  === [ GetEfiBootDeviceFromNvram ] ===============
71:248  0:000  Default boot entry not found
80:454  9:206  EDITED: dart=0 darkwake=10 alcid=15 igfxcflbklt=1 lilucpu=10 -no_compat_check -v
93:634  13:180  EDITED: dart=0 alcid=15 igfxcflbklt=1 lilucpu=10 -no_compat_check -v
96:038  2:403  ReinitSelfLib after theme change
96:038  0:000  reinit: self device path=PciRoot(0x0)\Pci(0x1D,0x4)\Pci(0x0,0x0)\NVMe(0x1,7A-33-07-90-00-2E-E4-AC)\HD(1,GPT,3E2E5F06-CB81-41AE-A1D9-7A1DF4F8DD9C,0x28,0x64000)
96:038  0:000  new SelfHandle=78C46618
96:038  0:000  === [ ScanVolumes ] =============================
96:038  0:000  Found 8 volumes with blockIO
96:038  0:000  - [00]: Volume: PciRoot(0x0)\Pci(0x1D,0x4)\Pci(0x0,0x0)\NVMe(0x1,7A-33-07-90-00-2E-E4-AC)
96:038  0:000  - [01]: Volume: PciRoot(0x0)\Pci(0x1D,0x4)\Pci(0x0,0x0)\NVMe(0x1,7A-33-07-90-00-2E-E4-AC)\HD(1,GPT,3E2E5F06-CB81-41AE-A1D9-7A1DF4F8DD9C,0x28,0x64000)
96:039  0:000          Result of bootcode detection: bootable unknown (legacy)
96:039  0:000          This is SelfVolume !!
96:039  0:000  - [02]: Volume: PciRoot(0x0)\Pci(0x1D,0x4)\Pci(0x0,0x0)\NVMe(0x1,7A-33-07-90-00-2E-E4-AC)\HD(2,GPT,3D866CB1-58A1-4939-A927-EB6E836D4EFC,0x64028,0x3B97D260)
96:039  0:000          Result of bootcode detection: bootable unknown (legacy)
96:039  0:000  - [03]: Volume: PciRoot(0x0)\Pci(0x1D,0x4)\Pci(0x0,0x0)\NVMe(0x1,7A-33-07-90-00-2E-E4-AC)\HD(2,GPT,3D866CB1-58A1-4939-A927-EB6E836D4EFC,0x64028,0x3B97D260)\VenMedia(BE74FCF7-0B7C-49F3-9147-01F4042E6842,94DFB0F64C5C304D905AD1CA856AFCE4)
96:039  0:000          hiding this volume
96:039  0:000  - [04]: Volume: PciRoot(0x0)\Pci(0x1D,0x4)\Pci(0x0,0x0)\NVMe(0x1,7A-33-07-90-00-2E-E4-AC)\HD(2,GPT,3D866CB1-58A1-4939-A927-EB6E836D4EFC,0x64028,0x3B97D260)\VenMedia(BE74FCF7-0B7C-49F3-9147-01F4042E6842,B13645C196727440A20935082320C2C9)
96:040  0:000  - [05]: Volume: PciRoot(0x0)\Pci(0x1D,0x4)\Pci(0x0,0x0)\NVMe(0x1,7A-33-07-90-00-2E-E4-AC)\HD(2,GPT,3D866CB1-58A1-4939-A927-EB6E836D4EFC,0x64028,0x3B97D260)\VenMedia(BE74FCF7-0B7C-49F3-9147-01F4042E6842,F12EC27AC538B74FA85A380323858252)
96:040  0:000  - [06]: Volume: PciRoot(0x0)\Pci(0x1D,0x4)\Pci(0x0,0x0)\NVMe(0x1,7A-33-07-90-00-2E-E4-AC)\HD(2,GPT,3D866CB1-58A1-4939-A927-EB6E836D4EFC,0x64028,0x3B97D260)\VenMedia(BE74FCF7-0B7C-49F3-9147-01F4042E6842,CAE26929ACF88E40AA4A76CD32F93E08)
96:040  0:000  - [07]: Volume: PciRoot(0x0)\Pci(0x1D,0x4)\Pci(0x0,0x0)\NVMe(0x1,7A-33-07-90-00-2E-E4-AC)\HD(2,GPT,3D866CB1-58A1-4939-A927-EB6E836D4EFC,0x64028,0x3B97D260)\VenMedia(BE74FCF7-0B7C-49F3-9147-01F4042E6842,0276E8112921E24A9381CAE591F9FD20)
96:041  0:000  found 2 handles with audio
96:041  0:000  No AudioIoDevice stored
96:041  0:000  no stored audio parameters
96:041  0:000  Found Audio Device Conexant (Unknown) (Headphones) at index 0
96:041  0:000  Found Audio Device Conexant (Unknown) (Speaker) at index 1
96:041  0:000  Found Audio Device Intel Kaby Lake HDMI (HDMI) at index 2
96:041  0:000  theme inited
96:041  0:000  Chosen theme Clovy
96:041  0:000  after NVRAM boot-args=dart=0 alcid=15 igfxcflbklt=1 lilucpu=10 -no_compat_check -v 
96:041  0:000  === [ AddCustomEntries ] ========================
96:041  0:000      Checking volume "EFI" (PciRoot(0x0)\Pci(0x1D,0x4)\Pci(0x0,0x0)\NVMe(0x1,7A-33-07-90-00-2E-E4-AC)\HD(1,GPT,3E2E5F06-CB81-41AE-A1D9-7A1DF4F8DD9C,0x28,0x64000)) ... skipped because path does not exist
96:042  0:000      Checking volume "Preboot" (PciRoot(0x0)\Pci(0x1D,0x4)\Pci(0x0,0x0)\NVMe(0x1,7A-33-07-90-00-2E-E4-AC)\HD(2,GPT,3D866CB1-58A1-4939-A927-EB6E836D4EFC,0x64028,0x3B97D260)\VenMedia(BE74FCF7-0B7C-49F3-9147-01F4042E6842,94DFB0F64C5C304D905AD1CA856AFCE4)) ... skipped because volume is hidden
96:042  0:000      Checking volume "MacOS - Data" (PciRoot(0x0)\Pci(0x1D,0x4)\Pci(0x0,0x0)\NVMe(0x1,7A-33-07-90-00-2E-E4-AC)\HD(2,GPT,3D866CB1-58A1-4939-A927-EB6E836D4EFC,0x64028,0x3B97D260)\VenMedia(BE74FCF7-0B7C-49F3-9147-01F4042E6842,B13645C196727440A20935082320C2C9)) ... skipped because path does not exist
96:042  0:000      Checking volume "Recovery" (PciRoot(0x0)\Pci(0x1D,0x4)\Pci(0x0,0x0)\NVMe(0x1,7A-33-07-90-00-2E-E4-AC)\HD(2,GPT,3D866CB1-58A1-4939-A927-EB6E836D4EFC,0x64028,0x3B97D260)\VenMedia(BE74FCF7-0B7C-49F3-9147-01F4042E6842,F12EC27AC538B74FA85A380323858252)) ... skipped because path does not exist
96:042  0:000      Checking volume "VM" (PciRoot(0x0)\Pci(0x1D,0x4)\Pci(0x0,0x0)\NVMe(0x1,7A-33-07-90-00-2E-E4-AC)\HD(2,GPT,3D866CB1-58A1-4939-A927-EB6E836D4EFC,0x64028,0x3B97D260)\VenMedia(BE74FCF7-0B7C-49F3-9147-01F4042E6842,CAE26929ACF88E40AA4A76CD32F93E08)) ... skipped because path does not exist
96:042  0:000      Checking volume "MacOS" (PciRoot(0x0)\Pci(0x1D,0x4)\Pci(0x0,0x0)\NVMe(0x1,7A-33-07-90-00-2E-E4-AC)\HD(2,GPT,3D866CB1-58A1-4939-A927-EB6E836D4EFC,0x64028,0x3B97D260)\VenMedia(BE74FCF7-0B7C-49F3-9147-01F4042E6842,0276E8112921E24A9381CAE591F9FD20)) ... skipped because path does not exist
96:042  0:000      Checking volume "EFI" (PciRoot(0x0)\Pci(0x1D,0x4)\Pci(0x0,0x0)\NVMe(0x1,7A-33-07-90-00-2E-E4-AC)\HD(1,GPT,3E2E5F06-CB81-41AE-A1D9-7A1DF4F8DD9C,0x28,0x64000)) ... skipped because path does not exist
96:042  0:000      Checking volume "Preboot" (PciRoot(0x0)\Pci(0x1D,0x4)\Pci(0x0,0x0)\NVMe(0x1,7A-33-07-90-00-2E-E4-AC)\HD(2,GPT,3D866CB1-58A1-4939-A927-EB6E836D4EFC,0x64028,0x3B97D260)\VenMedia(BE74FCF7-0B7C-49F3-9147-01F4042E6842,94DFB0F64C5C304D905AD1CA856AFCE4)) ... skipped because volume is hidden
96:042  0:000      Checking volume "MacOS - Data" (PciRoot(0x0)\Pci(0x1D,0x4)\Pci(0x0,0x0)\NVMe(0x1,7A-33-07-90-00-2E-E4-AC)\HD(2,GPT,3D866CB1-58A1-4939-A927-EB6E836D4EFC,0x64028,0x3B97D260)\VenMedia(BE74FCF7-0B7C-49F3-9147-01F4042E6842,B13645C196727440A20935082320C2C9)) ... skipped because path does not exist
96:042  0:000      Checking volume "Recovery" (PciRoot(0x0)\Pci(0x1D,0x4)\Pci(0x0,0x0)\NVMe(0x1,7A-33-07-90-00-2E-E4-AC)\HD(2,GPT,3D866CB1-58A1-4939-A927-EB6E836D4EFC,0x64028,0x3B97D260)\VenMedia(BE74FCF7-0B7C-49F3-9147-01F4042E6842,F12EC27AC538B74FA85A380323858252)) ... skipped because path does not exist
96:042  0:000      Checking volume "VM" (PciRoot(0x0)\Pci(0x1D,0x4)\Pci(0x0,0x0)\NVMe(0x1,7A-33-07-90-00-2E-E4-AC)\HD(2,GPT,3D866CB1-58A1-4939-A927-EB6E836D4EFC,0x64028,0x3B97D260)\VenMedia(BE74FCF7-0B7C-49F3-9147-01F4042E6842,CAE26929ACF88E40AA4A76CD32F93E08)) ... skipped because path does not exist
96:042  0:000      Checking volume "MacOS" (PciRoot(0x0)\Pci(0x1D,0x4)\Pci(0x0,0x0)\NVMe(0x1,7A-33-07-90-00-2E-E4-AC)\HD(2,GPT,3D866CB1-58A1-4939-A927-EB6E836D4EFC,0x64028,0x3B97D260)\VenMedia(BE74FCF7-0B7C-49F3-9147-01F4042E6842,0276E8112921E24A9381CAE591F9FD20)) ... skipped because path does not exist
96:042  0:000  === [ ScanLoader ] ==============================
96:042  0:000  - [01]: 'EFI'
96:053  0:011          AddLoaderEntry for Volume Name=EFI
96:053  0:000          skipped because entry is hidden
96:053  0:000  - [03]: 'Preboot', hidden
96:053  0:000  - [04]: 'MacOS - Data'
96:061  0:007  - [05]: 'Recovery'
96:062  0:000          AddLoaderEntry for Volume Name=Recovery
96:068  0:005   Show badge as OSImage.    Loader entry created for 'PciRoot(0x0)\Pci(0x1D,0x4)\Pci(0x0,0x0)\NVMe(0x1,7A-33-07-90-00-2E-E4-AC)\HD(2,GPT,3D866CB1-58A1-4939-A927-EB6E836D4EFC,0x64028,0x3B97D260)\VenMedia(BE74FCF7-0B7C-49F3-9147-01F4042E6842,F12EC27AC538B74FA85A380323858252)\11E87602-2129-4AE2-9381-CAE591F9FD20\boot.efi'
96:076  0:008  - [06]: 'VM'
96:083  0:007  - [07]: 'MacOS'
96:085  0:001          AddLoaderEntry for Volume Name=MacOS
96:086  0:001      hibernated: set as never
96:090  0:004   Show badge as OSImage.    Loader entry created for 'PciRoot(0x0)\Pci(0x1D,0x4)\Pci(0x0,0x0)\NVMe(0x1,7A-33-07-90-00-2E-E4-AC)\HD(2,GPT,3D866CB1-58A1-4939-A927-EB6E836D4EFC,0x64028,0x3B97D260)\VenMedia(BE74FCF7-0B7C-49F3-9147-01F4042E6842,0276E8112921E24A9381CAE591F9FD20)\System\Library\CoreServices\boot.efi'
96:099  0:008  === [ AddCustomTool ] ===========================
96:099  0:000  found tool \EFI\CLOVER\tools\Shell64U.efi
96:099  0:000  Checking EFI partition Volume 1 for Clover
96:099  0:000   Found Clover
96:100  0:000  === [ GetEfiBootDeviceFromNvram ] ===============
96:100  0:000  Default boot entry not found
123:035  26:934  ParseBootOption: invalid boot variable
123:035  0:000  BootVariable of the entry is empty
123:035  0:000  === [ StartLoader ] =============================
123:035  0:000  Finally: ExternalClock=26MHz BusSpeed=100003kHz CPUFreq=1800MHz PIS: hw.busfrequency=104000000Hz
123:036  0:000  start loader
123:036  0:000  Loading boot.efi  status=Success
123:404  0:368  GetOSVersion: 10.15.4 (19E287)
123:404  0:000  CSR_CFG: CSR_ALLOW_UNTRUSTED_KEXTS | CSR_ALLOW_UNRESTRICTED_FS | CSR_ALLOW_TASK_FOR_PID | CSR_ALLOW_KERNEL_DEBUGGER | CSR_ALLOW_APPLE_INTERNAL | CSR_ALLOW_UNRESTRICTED_DTRACE | CSR_ALLOW_UNRESTRICTED_NVRAM | CSR_ALLOW_DEVICE_CONFIGURATION | CSR_ALLOW_ANY_RECOVERY_
123:404  0:000  Filtering KernelPatches:
123:404  0:000   - [00]: MSR 0xE2 _xcpm_idle instant reboot(c) Pike R. Alpha :: [OS: 10.15.4 | MatchOS: All | MatchBuild: no] ==> allowed by OS
123:404  0:000   - [01]: Disable panic kext logging on 10.13 release kernel (credit vit9696) :: [OS: 10.15.4 | MatchOS: 10.13.x | MatchBuild: no] ==> not allowed by OS
123:404  0:000   - [02]: Disable panic kext logging on 10.14 release kernel (credit vit9696) :: [OS: 10.15.4 | MatchOS: 10.14.x | MatchBuild: no] ==> not allowed by OS
123:404  0:000  Will not patch boot.efi
123:404  0:000  === [ PatchSmbios ] =============================
123:404  0:000  insert table 9 for dev 0:0
123:404  0:000  insert table 9 for dev 0:0
123:405  0:001  Trusting SMBIOS...
123:406  0:000  Channels: 1
123:406  0:000  Interleave: 0 1 2 3 4 5 6 7 8 9 10 11 12 13 14 15 16 17 18 19 20 21 22 23
123:406  0:000  trusted SMBIOS data:
123:406  0:000  SmbiosTable.Type17->Vendor = 0443
123:406  0:000  SmbiosTable.Type17->SerialNumber = 12CECE7C
123:406  0:000  SmbiosTable.Type17->PartNumber = RMSA3260ME78HAF-2666
123:406  0:000   partNum=RMSA3260ME78HAF-2666
123:406  0:000  SPD data in use:
123:406  0:000  SmbiosTable.Type17->Vendor = Ramaxel Technology
123:406  0:000  SmbiosTable.Type17->SerialNumber = 01020C0E0C0E070C
123:406  0:000  SmbiosTable.Type17->PartNumber = RMSA3260ME78HAF-2666
123:406  0:000  SMBIOS Type 17 Index = 0 => 0 0:
123:406  0:000  BANK 0 DIMM0 2667MHz 8192MB(Ext:0MB)
123:406  0:000  SMBIOS Type 17 Index = 1 => 1 1:
123:406  0:000  BANK 0 DIMM1 EMPTY
123:406  0:000  mTotalSystemMemory = 8192
123:406  0:000  NumberOfMemoryDevices = 2
123:406  0:000  Table 131 is present, CPUType=31
123:406  0:000  Change to: 605
123:406  0:000  Table 133 is present, PlatformFeature=494748494F484B01
123:406  0:000  Change to: 1A
123:406  0:000  === [ PatchACPI ] ===============================
123:406  0:000  Xsdt reallocation done
123:406  0:000  old FADT length=114
123:406  0:000   SignatureFixup: 0x2FAD -> 0x0
123:410  0:003  Apply DsdtFixMask=0x00000000
123:410  0:000     drop _DSM mask=0x0000
123:410  0:000  === [ FixBiosDsdt ] =============================
123:410  0:000  Patching DSDT:
123:410  0:000   - [change OSID to XSID (to avoid match against _OSI XOSI patch)]: disabled
123:410  0:000   - [change _OSI to XOSI]: disabled
123:410  0:000   - [change _DSM to XDSM]: disabled
123:410  0:000   - [change EC0 to EC]: disabled
123:410  0:000   - [change H_EC to EC]: disabled
123:410  0:000   - [change ECDV to EC]: disabled
123:410  0:000   - [change HDAS to HDEF]: pattern 48444153, patched at: [ (4E1) ]
123:411  0:000   - [change HECI to IMEI]: pattern 48454349, patched at: [ (11D72) ]
123:411  0:000   - [change MEI to IMEI]: pattern 4D45495F, bin not found / already patched!
123:412  0:000   - [change GFX0 to IGPU]: pattern 47465830, patched at: [ (52) ]
123:412  0:000   - [change PCI0.VID to IGPU #1 (Thinkpad)]: pattern 50434930, bin not found / already patched!
123:413  0:000   - [change PCI0.VID to IGPU #2 (Thinkpad)]: pattern 5649445F, bin not found / already patched!
123:413  0:000    0 replacements
123:414  0:001  PreCleanup XSDT: count=27, length=252
123:414  0:000  PreCleanup XSDT, corrected XSDT: count=27, length=252
123:414  0:000  === [ ACPIPatchedAML ] ==========================
123:414  0:000  AutoMerge pass 1
123:414  0:000  Unsorted
123:414  0:000  Inserting SSDT-KBD.aml from EFI\CLOVER\ACPI\patched: ignore on pass 1
123:414  0:000  Inserting SSDT-USBX.aml from EFI\CLOVER\ACPI\patched: ignore on pass 1
123:414  0:000  Inserting SSDT-UIAC.aml from EFI\CLOVER\ACPI\patched: ignore on pass 1
123:414  0:000  Inserting SSDT-PNLFCFL.aml from EFI\CLOVER\ACPI\patched: ignore on pass 1
123:414  0:000  Inserting SSDT-Thinkpad_Trackpad.aml from EFI\CLOVER\ACPI\patched: ignore on pass 1
123:414  0:000  === [ ACPIDropTables ] ==========================
123:414  0:000  Patching SSDT CpuSsdt Length=6940
123:414  0:000  0. [change OSID to XSID (to avoid match against _OSI XOSI patch)]: disabled
123:414  0:000  1. [change _OSI to XOSI]: disabled
123:414  0:000  2. [change _DSM to XDSM]: disabled
123:414  0:000  3. [change EC0 to EC]: disabled
123:414  0:000  4. [change H_EC to EC]: disabled
123:414  0:000  5. [change ECDV to EC]: disabled
123:414  0:000  6. [change HDAS to HDEF]: pattern 48444153, bin not found / already patched!
123:414  0:000  7. [change HECI to IMEI]: pattern 48454349, bin not found / already patched!
123:414  0:000  8. [change MEI to IMEI]: pattern 4D45495F, bin not found / already patched!
123:414  0:000  9. [change GFX0 to IGPU]: pattern 47465830, bin not found / already patched!
123:414  0:000  10. [change PCI0.VID to IGPU #1 (Thinkpad)]: pattern 50434930, bin not found / already patched!
123:414  0:000  11. [change PCI0.VID to IGPU #2 (Thinkpad)]: pattern 5649445F, bin not found / already patched!
123:414  0:000    0 replacements
123:414  0:000  Found OperationRegion(PNVS, SystemMemory, 7FEF5000, ...)
123:414  0:000  Patching SSDT CtdpB Length=1389
123:414  0:000  0. [change OSID to XSID (to avoid match against _OSI XOSI patch)]: disabled
123:414  0:000  1. [change _OSI to XOSI]: disabled
123:414  0:000  2. [change _DSM to XDSM]: disabled
123:414  0:000  3. [change EC0 to EC]: disabled
123:414  0:000  4. [change H_EC to EC]: disabled
123:414  0:000  5. [change ECDV to EC]: disabled
123:414  0:000  6. [change HDAS to HDEF]: pattern 48444153, bin not found / already patched!
123:414  0:000  7. [change HECI to IMEI]: pattern 48454349, bin not found / already patched!
123:414  0:000  8. [change MEI to IMEI]: pattern 4D45495F, bin not found / already patched!
123:414  0:000  9. [change GFX0 to IGPU]: pattern 47465830, bin not found / already patched!
123:415  0:000  10. [change PCI0.VID to IGPU #1 (Thinkpad)]: pattern 50434930, bin not found / already patched!
123:415  0:000  11. [change PCI0.VID to IGPU #2 (Thinkpad)]: pattern 5649445F, bin not found / already patched!
123:415  0:000    0 replacements
123:415  0:000  Found OperationRegion(MBAR, SystemMemory, FED15000, ...)
123:415  0:000  Patching SSDT DptfTabl Length=14750
123:415  0:000  0. [change OSID to XSID (to avoid match against _OSI XOSI patch)]: disabled
123:415  0:000  1. [change _OSI to XOSI]: disabled
123:415  0:000  2. [change _DSM to XDSM]: disabled
123:415  0:000  3. [change EC0 to EC]: disabled
123:415  0:000  4. [change H_EC to EC]: disabled
123:415  0:000  5. [change ECDV to EC]: disabled
123:415  0:000  6. [change HDAS to HDEF]: pattern 48444153, bin not found / already patched!
123:415  0:000  7. [change HECI to IMEI]: pattern 48454349, bin not found / already patched!
123:415  0:000  8. [change MEI to IMEI]: pattern 4D45495F, bin not found / already patched!
123:415  0:000  9. [change GFX0 to IGPU]: pattern 47465830, bin not found / already patched!
123:415  0:000  10. [change PCI0.VID to IGPU #1 (Thinkpad)]: pattern 50434930, bin not found / already patched!
123:415  0:000  11. [change PCI0.VID to IGPU #2 (Thinkpad)]: pattern 5649445F, bin not found / already patched!
123:415  0:000    0 replacements
123:415  0:000  Patching SSDT SaSsdt  Length=12605
123:415  0:000  0. [change OSID to XSID (to avoid match against _OSI XOSI patch)]: disabled
123:415  0:000  1. [change _OSI to XOSI]: disabled
123:415  0:000  2. [change _DSM to XDSM]: disabled
123:415  0:000  3. [change EC0 to EC]: disabled
123:415  0:000  4. [change H_EC to EC]: disabled
123:415  0:000  5. [change ECDV to EC]: disabled
123:415  0:000  6. [change HDAS to HDEF]: pattern 48444153, bin not found / already patched!
123:415  0:000  7. [change HECI to IMEI]: pattern 48454349, bin not found / already patched!
123:415  0:000  8. [change MEI to IMEI]: pattern 4D45495F, bin not found / already patched!
123:415  0:000  9. [change GFX0 to IGPU]: pattern 47465830, patched at: [ (2D) ]
123:415  0:000  10. [change PCI0.VID to IGPU #1 (Thinkpad)]: pattern 50434930, bin not found / already patched!
123:415  0:000  11. [change PCI0.VID to IGPU #2 (Thinkpad)]: pattern 5649445F, bin not found / already patched!
123:415  0:000    0 replacements
123:415  0:000  Found OperationRegion(SANV, SystemMemory, 7FB29018, ...)
123:415  0:000  Patching SSDT Tpm2Tabl Length=1554
123:415  0:000  0. [change OSID to XSID (to avoid match against _OSI XOSI patch)]: disabled
123:415  0:000  1. [change _OSI to XOSI]: disabled
123:415  0:000  2. [change _DSM to XDSM]: disabled
123:415  0:000  3. [change EC0 to EC]: disabled
123:415  0:000  4. [change H_EC to EC]: disabled
123:415  0:000  5. [change ECDV to EC]: disabled
123:415  0:000  6. [change HDAS to HDEF]: pattern 48444153, bin not found / already patched!
123:415  0:000  7. [change HECI to IMEI]: pattern 48454349, bin not found / already patched!
123:415  0:000  8. [change MEI to IMEI]: pattern 4D45495F, bin not found / already patched!
123:415  0:000  9. [change GFX0 to IGPU]: pattern 47465830, bin not found / already patched!
123:415  0:000  10. [change PCI0.VID to IGPU #1 (Thinkpad)]: pattern 50434930, bin not found / already patched!
123:415  0:000  11. [change PCI0.VID to IGPU #2 (Thinkpad)]: pattern 5649445F, bin not found / already patched!
123:415  0:000    0 replacements
123:415  0:000  Found OperationRegion(TPMR, SystemMemory, FED40000, ...)
123:415  0:000  Found OperationRegion(TNVS, SystemMemory, 7FB25000, ...)
123:415  0:000  Patching SSDT PerfTune Length=1328
123:415  0:000  0. [change OSID to XSID (to avoid match against _OSI XOSI patch)]: disabled
123:415  0:000  1. [change _OSI to XOSI]: disabled
123:415  0:000  2. [change _DSM to XDSM]: disabled
123:415  0:000  3. [change EC0 to EC]: disabled
123:415  0:000  4. [change H_EC to EC]: disabled
123:415  0:000  5. [change ECDV to EC]: disabled
123:415  0:000  6. [change HDAS to HDEF]: pattern 48444153, bin not found / already patched!
123:415  0:000  7. [change HECI to IMEI]: pattern 48454349, bin not found / already patched!
123:415  0:000  8. [change MEI to IMEI]: pattern 4D45495F, bin not found / already patched!
123:415  0:000  9. [change GFX0 to IGPU]: pattern 47465830, bin not found / already patched!
123:415  0:000  10. [change PCI0.VID to IGPU #1 (Thinkpad)]: pattern 50434930, bin not found / already patched!
123:415  0:000  11. [change PCI0.VID to IGPU #2 (Thinkpad)]: pattern 5649445F, bin not found / already patched!
123:415  0:000    0 replacements
123:416  0:000  Patching SSDT ProjSsdt Length=8813
123:416  0:000  0. [change OSID to XSID (to avoid match against _OSI XOSI patch)]: disabled
123:416  0:000  1. [change _OSI to XOSI]: disabled
123:416  0:000  2. [change _DSM to XDSM]: disabled
123:416  0:000  3. [change EC0 to EC]: disabled
123:416  0:000  4. [change H_EC to EC]: disabled
123:416  0:000  5. [change ECDV to EC]: disabled
123:416  0:000  6. [change HDAS to HDEF]: pattern 48444153, bin not found / already patched!
123:416  0:000  7. [change HECI to IMEI]: pattern 48454349, bin not found / already patched!
123:416  0:000  8. [change MEI to IMEI]: pattern 4D45495F, bin not found / already patched!
123:416  0:000  9. [change GFX0 to IGPU]: pattern 47465830, bin not found / already patched!
123:416  0:000  10. [change PCI0.VID to IGPU #1 (Thinkpad)]: pattern 50434930, bin not found / already patched!
123:416  0:000  11. [change PCI0.VID to IGPU #2 (Thinkpad)]: pattern 5649445F, bin not found / already patched!
123:416  0:000    0 replacements
123:416  0:000  Found OperationRegion(ECMM, SystemMemory, FF000000, ...)
123:416  0:000  Found OperationRegion(MMEC, SystemMemory, FF000E00, ...)
123:416  0:000  Patching SSDT UsbCTabl Length=3299
123:416  0:000  0. [change OSID to XSID (to avoid match against _OSI XOSI patch)]: disabled
123:416  0:000  1. [change _OSI to XOSI]: disabled
123:416  0:000  2. [change _DSM to XDSM]: disabled
123:416  0:000  3. [change EC0 to EC]: disabled
123:416  0:000  4. [change H_EC to EC]: disabled
123:416  0:000  5. [change ECDV to EC]: disabled
123:416  0:000  6. [change HDAS to HDEF]: pattern 48444153, bin not found / already patched!
123:416  0:000  7. [change HECI to IMEI]: pattern 48454349, bin not found / already patched!
123:416  0:000  8. [change MEI to IMEI]: pattern 4D45495F, bin not found / already patched!
123:416  0:000  9. [change GFX0 to IGPU]: pattern 47465830, bin not found / already patched!
123:416  0:000  10. [change PCI0.VID to IGPU #1 (Thinkpad)]: pattern 50434930, bin not found / already patched!
123:416  0:000  11. [change PCI0.VID to IGPU #2 (Thinkpad)]: pattern 5649445F, bin not found / already patched!
123:416  0:000    0 replacements
123:416  0:000  Patching SSDT TbtTypeC Length=5279
123:416  0:000  0. [change OSID to XSID (to avoid match against _OSI XOSI patch)]: disabled
123:416  0:000  1. [change _OSI to XOSI]: disabled
123:416  0:000  2. [change _DSM to XDSM]: disabled
123:416  0:000  3. [change EC0 to EC]: disabled
123:416  0:000  4. [change H_EC to EC]: disabled
123:416  0:000  5. [change ECDV to EC]: disabled
123:416  0:000  6. [change HDAS to HDEF]: pattern 48444153, bin not found / already patched!
123:416  0:000  7. [change HECI to IMEI]: pattern 48454349, bin not found / already patched!
123:416  0:000  8. [change MEI to IMEI]: pattern 4D45495F, bin not found / already patched!
123:416  0:000  9. [change GFX0 to IGPU]: pattern 47465830, bin not found / already patched!
123:416  0:000  10. [change PCI0.VID to IGPU #1 (Thinkpad)]: pattern 50434930, bin not found / already patched!
123:416  0:000  11. [change PCI0.VID to IGPU #2 (Thinkpad)]: pattern 5649445F, bin not found / already patched!
123:416  0:000    0 replacements
123:416  0:000  === [ ACPIPatchedAML ] ==========================
123:416  0:000  AutoMerge pass 2
123:416  0:000  Unsorted
123:416  0:000  Inserting SSDT-KBD.aml from EFI\CLOVER\ACPI\patched: size=1375 ... Success
123:420  0:003  Inserting SSDT-USBX.aml from EFI\CLOVER\ACPI\patched: size=185 ... Success
123:420  0:000  Inserting SSDT-UIAC.aml from EFI\CLOVER\ACPI\patched: size=497 ... Success
123:420  0:000  Inserting SSDT-PNLFCFL.aml from EFI\CLOVER\ACPI\patched: size=104 ... Success
123:423  0:002  Inserting SSDT-Thinkpad_Trackpad.aml from EFI\CLOVER\ACPI\patched: size=756 ... Success
123:423  0:000  ApicCPUNum=8
123:423  0:000  Maximum control=0x12
123:423  0:000  Turbo control=0x27
123:423  0:000  P-States: min 0x4, max 0x27
123:423  0:000  SSDT with plugin-type without P-States is generated
123:423  0:000  Cleanup XSDT: count=33, length=300
123:423  0:000  corrected XSDT count=33, length=300
123:423  0:000  === [ RestSetup macOS ] =========================
123:423  0:000  EdidDiscovered size=128
123:423  0:000  --- Discovered EDID Table size:128
123:423  0:000  000  |  00  FF  FF  FF  FF  FF  FF  00  06  AF
123:423  0:000  010  |  3D  42  00  00  00  00  00  1A  01  04
123:423  0:000  020  |  A5  1F  11  78  02  9B  85  92  56  59
123:423  0:000  030  |  90  29  20  50  54  00  00  00  01  01
123:423  0:000  040  |  01  01  01  01  01  01  01  01  01  01
123:423  0:000  050  |  01  01  01  01  14  37  80  B8  70  38
123:423  0:000  060  |  24  40  10  10  3E  00  35  AD  10  00
123:423  0:000  070  |  00  18  00  00  00  00  00  00  00  00
123:423  0:000  080  |  00  00  00  00  00  00  00  00  00  00
123:423  0:000  090  |  00  00  00  FE  00  41  55  4F  0A  20
123:423  0:000  100  |  20  20  20  20  20  20  20  20  00  00
123:423  0:000  110  |  00  FE  00  42  31  34  30  48  41  4E
123:423  0:000  120  |  30  34  2E  32  20  0A  00  D8
123:423  0:000  add device: PciRoot(0x0)/Pci(0x1F,0x3)
123:423  0:000  add device: PciRoot(0x0)/Pci(0x2,0x0)
123:423  0:000     Add key=framebuffer-fbmem valuelen=4
123:423  0:000     Add key=framebuffer-stolenmem valuelen=4
123:423  0:000     Add key=framebuffer-patch-enable valuelen=4
123:423  0:000     Add key=device-id valuelen=4
123:423  0:000     Add key=AAPL,ig-platform-id valuelen=4
123:423  0:000  Intel GFX injection not set
123:424  0:000   RCBA disabled; cannot use it
123:424  0:000  stringlength = 1346
123:424  0:000  CurrentMode: Width=1920 Height=1080
123:424  0:000  Beginning FSInjection
123:424  0:000  skipping kext injection (not requested)
123:538  0:114  Use origin smbios table type 1 guid.
123:544  0:005    Force kext: System\Library\Extensions\IONetworkingFamily.kext
123:580  0:035      Force PlugIn kext: System\Library\Extensions\IONetworkingFamily.kext\Contents\PlugIns\AppleVmxnet3Ethernet.kext
123:603  0:023      Force PlugIn kext: System\Library\Extensions\IONetworkingFamily.kext\Contents\PlugIns\AppleIntelI210Ethernet.kext
123:634  0:030      Force PlugIn kext: System\Library\Extensions\IONetworkingFamily.kext\Contents\PlugIns\Intel82574L.kext
123:661  0:026      Force PlugIn kext: System\Library\Extensions\IONetworkingFamily.kext\Contents\PlugIns\IOEthernetAVBController.kext
123:676  0:015      Force PlugIn kext: System\Library\Extensions\IONetworkingFamily.kext\Contents\PlugIns\AppleEthernetAquantiaAqtionFirmware.kext
123:727  0:051      Force PlugIn kext: System\Library\Extensions\IONetworkingFamily.kext\Contents\PlugIns\AppleIntel8254XEthernet.kext
123:751  0:024      Force PlugIn kext: System\Library\Extensions\IONetworkingFamily.kext\Contents\PlugIns\mDNSOffloadUserClient.kext
123:767  0:015      Force PlugIn kext: System\Library\Extensions\IONetworkingFamily.kext\Contents\PlugIns\AppleEthernetAquantiaAqtion.kext
123:797  0:030      Force PlugIn kext: System\Library\Extensions\IONetworkingFamily.kext\Contents\PlugIns\AppleBCM5701Ethernet.kext
123:835  0:038  Preparing kexts injection for arch=x86_64 from EFI\CLOVER\kexts\Other
123:836  0:000  ->Extra kext: EFI\CLOVER\kexts\Other\VoodooPS2Controller-gesture.kext (v.1.9.2)
123:861  0:025      |-- PlugIn kext: EFI\CLOVER\kexts\Other\VoodooPS2Controller-gesture.kext\Contents\PlugIns\VoodooPS2Mouse.kext (v.1.9.2)
123:881  0:019      |-- PlugIn kext: EFI\CLOVER\kexts\Other\VoodooPS2Controller-gesture.kext\Contents\PlugIns\VoodooPS2Trackpad.kext (v.1.9.2)
123:915  0:033      |-- PlugIn kext: EFI\CLOVER\kexts\Other\VoodooPS2Controller-gesture.kext\Contents\PlugIns\VoodooPS2Trackpad.kext.dSYM (v.1.9.2)
123:918  0:003      |-- PlugIn kext: EFI\CLOVER\kexts\Other\VoodooPS2Controller-gesture.kext\Contents\PlugIns\VoodooPS2Keyboard.kext (v.1.9.2)
123:960  0:041      |-- PlugIn kext: EFI\CLOVER\kexts\Other\VoodooPS2Controller-gesture.kext\Contents\PlugIns\VoodooPS2Keyboard.kext.dSYM (v.1.9.2)
123:966  0:006      |-- PlugIn kext: EFI\CLOVER\kexts\Other\VoodooPS2Controller-gesture.kext\Contents\PlugIns\VoodooPS2Mouse.kext.dSYM (v.1.9.2)
123:971  0:004  ->Extra kext: EFI\CLOVER\kexts\Other\IntelBluetoothFirmware.kext (v.1.0.3)
124:410  0:439  ->Extra kext: EFI\CLOVER\kexts\Other\IntelBluetoothInjector.kext (v.1.0.3)
124:436  0:026  ->Extra kext: EFI\CLOVER\kexts\Other\Lilu.kext (v.1.3.8)
124:462  0:025  ->Extra kext: EFI\CLOVER\kexts\Other\FakeSMC_ACPISensors.kext (v.1800)
124:515  0:053  ->Extra kext: EFI\CLOVER\kexts\Other\WhateverGreen.kext (v.1.3.3)
124:548  0:033  ->Extra kext: EFI\CLOVER\kexts\Other\FakeSMC_SMMSensors.kext (v.1800)
124:580  0:031  ->Extra kext: EFI\CLOVER\kexts\Other\FakeSMC_LPCSensors.kext (v.1800)
125:574  0:993  ->Extra kext: EFI\CLOVER\kexts\Other\USBInjectAll.kext (v.0.7.1)
126:295  0:721  ->Extra kext: EFI\CLOVER\kexts\Other\HibernationFixup.kext (v.1.2.7)
126:317  0:021  ->Extra kext: EFI\CLOVER\kexts\Other\AppleALC.kext (v.1.4.2)
127:622  1:304  ->Extra kext: EFI\CLOVER\kexts\Other\SMCLightSensor.kext (v.1)
127:650  0:028  ->Extra kext: EFI\CLOVER\kexts\Other\RealtekRTL8111.kext (v.2.2.2)
127:683  0:033  ->Extra kext: EFI\CLOVER\kexts\Other\SMCBatteryManager.kext (v.1)
127:715  0:031  ->Extra kext: EFI\CLOVER\kexts\Other\VirtualSMC.kext (v.1.1.2)
127:786  0:071  ->Extra kext: EFI\CLOVER\kexts\Other\SMCProcessor.kext (v.1.1.2)
127:811  0:024  ->Extra kext: EFI\CLOVER\kexts\Other\FakeSMC_CPUSensors.kext (v.1800)
127:836  0:025  ->Extra kext: EFI\CLOVER\kexts\Other\ACPIBatteryManager.kext (v.1.90.1)
127:863  0:027  ->Extra kext: EFI\CLOVER\kexts\Other\FakeSMC.kext (v.1800)
127:928  0:064      |-- PlugIn kext: EFI\CLOVER\kexts\Other\FakeSMC.kext\Contents\PlugIns\FakeSMC_ACPISensors.kext (v.1800)
127:986  0:057      |-- PlugIn kext: EFI\CLOVER\kexts\Other\FakeSMC.kext\Contents\PlugIns\FakeSMC_SMMSensors.kext (v.1800)
128:018  0:031      |-- PlugIn kext: EFI\CLOVER\kexts\Other\FakeSMC.kext\Contents\PlugIns\FakeSMC_LPCSensors.kext (v.1800)
129:012  0:994      |-- PlugIn kext: EFI\CLOVER\kexts\Other\FakeSMC.kext\Contents\PlugIns\FakeSMC_CPUSensors.kext (v.1800)
129:036  0:024      |-- PlugIn kext: EFI\CLOVER\kexts\Other\FakeSMC.kext\Contents\PlugIns\FakeSMC_GPUSensors.kext (v.1800)
129:072  0:036  ->Extra kext: EFI\CLOVER\kexts\Other\SMCSuperIO.kext (v.1.1.2)
129:097  0:024  Preparing kexts injection for arch=x86_64 from EFI\CLOVER\kexts\Off
129:097  0:000  Preparing kexts injection for arch=x86_64 from EFI\CLOVER\kexts\10
129:097  0:000  Preparing kexts injection for arch=x86_64 from EFI\CLOVER\kexts\10_normal
129:097  0:000  Preparing kexts injection for arch=x86_64 from EFI\CLOVER\kexts\10.15
129:097  0:000  Preparing kexts injection for arch=x86_64 from EFI\CLOVER\kexts\10.15_normal
129:097  0:000  Preparing kexts injection for arch=x86_64 from EFI\CLOVER\kexts\10.15.4
129:097  0:000  Preparing kexts injection for arch=x86_64 from EFI\CLOVER\kexts\10.15.4_normal
129:119  0:021  Custom boot screen not used because entry has unset use graphics
129:120  0:001  Closing log
